<?xml version="1.0" encoding="UTF-8"?>
<testsuite name="com.mindex.challenge.service.impl.EmployeeServiceImplTest" tests="1" skipped="0" failures="0" errors="0" timestamp="2025-08-28T16:43:05" hostname="pkrvmccyg1gnepe" time="0.141">
  <properties/>
  <testcase name="testCreateReadUpdate" classname="com.mindex.challenge.service.impl.EmployeeServiceImplTest" time="0.141"/>
  <system-out><![CDATA[2025-08-28 16:43:04.587  INFO 5202 --- [    Test worker] .b.t.c.SpringBootTestContextBootstrapper : Neither @ContextConfiguration nor @ContextHierarchy found for test class [com.mindex.challenge.service.impl.EmployeeServiceImplTest], using SpringBootContextLoader
2025-08-28 16:43:04.588  INFO 5202 --- [    Test worker] o.s.t.c.support.AbstractContextLoader    : Could not detect default resource locations for test class [com.mindex.challenge.service.impl.EmployeeServiceImplTest]: no resource found for suffixes {-context.xml, Context.groovy}.
2025-08-28 16:43:04.589  INFO 5202 --- [    Test worker] t.c.s.AnnotationConfigContextLoaderUtils : Could not detect default configuration classes for test class [com.mindex.challenge.service.impl.EmployeeServiceImplTest]: EmployeeServiceImplTest does not declare any static, non-private, non-final, nested classes annotated with @Configuration.
2025-08-28 16:43:04.594  INFO 5202 --- [    Test worker] .b.t.c.SpringBootTestContextBootstrapper : Found @SpringBootConfiguration com.mindex.challenge.ChallengeApplication for test class com.mindex.challenge.service.impl.EmployeeServiceImplTest
2025-08-28 16:43:04.595  INFO 5202 --- [    Test worker] .b.t.c.SpringBootTestContextBootstrapper : Loaded default TestExecutionListener class names from location [META-INF/spring.factories]: [org.springframework.boot.test.autoconfigure.restdocs.RestDocsTestExecutionListener, org.springframework.boot.test.autoconfigure.web.client.MockRestServiceServerResetTestExecutionListener, org.springframework.boot.test.autoconfigure.web.servlet.MockMvcPrintOnlyOnFailureTestExecutionListener, org.springframework.boot.test.autoconfigure.web.servlet.WebDriverTestExecutionListener, org.springframework.boot.test.mock.mockito.MockitoTestExecutionListener, org.springframework.boot.test.mock.mockito.ResetMocksTestExecutionListener, org.springframework.test.context.web.ServletTestExecutionListener, org.springframework.test.context.support.DirtiesContextBeforeModesTestExecutionListener, org.springframework.test.context.support.DependencyInjectionTestExecutionListener, org.springframework.test.context.support.DirtiesContextTestExecutionListener, org.springframework.test.context.transaction.TransactionalTestExecutionListener, org.springframework.test.context.jdbc.SqlScriptsTestExecutionListener, org.springframework.test.context.event.EventPublishingTestExecutionListener]
2025-08-28 16:43:04.596  INFO 5202 --- [    Test worker] .b.t.c.SpringBootTestContextBootstrapper : Using TestExecutionListeners: [org.springframework.test.context.web.ServletTestExecutionListener@67174fcd, org.springframework.test.context.support.DirtiesContextBeforeModesTestExecutionListener@13ac2b31, org.springframework.boot.test.mock.mockito.MockitoTestExecutionListener@311addf3, org.springframework.boot.test.autoconfigure.SpringBootDependencyInjectionTestExecutionListener@17b1a610, org.springframework.test.context.support.DirtiesContextTestExecutionListener@4a85ea0c, org.springframework.test.context.transaction.TransactionalTestExecutionListener@3802b5ce, org.springframework.test.context.jdbc.SqlScriptsTestExecutionListener@5f100278, org.springframework.test.context.event.EventPublishingTestExecutionListener@450bbeac, org.springframework.boot.test.autoconfigure.restdocs.RestDocsTestExecutionListener@20bbe98b, org.springframework.boot.test.autoconfigure.web.client.MockRestServiceServerResetTestExecutionListener@d3a8497, org.springframework.boot.test.autoconfigure.web.servlet.MockMvcPrintOnlyOnFailureTestExecutionListener@5266448a, org.springframework.boot.test.autoconfigure.web.servlet.WebDriverTestExecutionListener@4a806eb4, org.springframework.boot.test.mock.mockito.ResetMocksTestExecutionListener@358821de]

  .   ____          _            __ _ _
 /\\ / ___'_ __ _ _(_)_ __  __ _ \ \ \ \
( ( )\___ | '_ | '_| | '_ \/ _` | \ \ \ \
 \\/  ___)| |_)| | | | | || (_| |  ) ) ) )
  '  |____| .__|_| |_|_| |_\__, | / / / /
 =========|_|==============|___/=/_/_/_/
 :: Spring Boot ::        (v2.2.0.RELEASE)

2025-08-28 16:43:04.620  INFO 5202 --- [    Test worker] c.m.c.s.impl.EmployeeServiceImplTest     : Starting EmployeeServiceImplTest on pkrvmccyg1gnepe with PID 5202 (started by runner in /home/runner/work/Mindex_code_challenge/Mindex_code_challenge)
2025-08-28 16:43:04.620 DEBUG 5202 --- [    Test worker] c.m.c.s.impl.EmployeeServiceImplTest     : Running with Spring Boot v2.2.0.RELEASE, Spring v5.2.0.RELEASE
2025-08-28 16:43:04.621  INFO 5202 --- [    Test worker] c.m.c.s.impl.EmployeeServiceImplTest     : No active profile set, falling back to default profiles: default
2025-08-28 16:43:04.703  INFO 5202 --- [    Test worker] .s.d.r.c.RepositoryConfigurationDelegate : Bootstrapping Spring Data repositories in DEFAULT mode.
2025-08-28 16:43:04.708  INFO 5202 --- [    Test worker] .s.d.r.c.RepositoryConfigurationDelegate : Finished Spring Data repository scanning in 4ms. Found 2 repository interfaces.
2025-08-28 16:43:04.897  INFO 5202 --- [    Test worker] o.s.b.w.embedded.tomcat.TomcatWebServer  : Tomcat initialized with port(s): 0 (http)
2025-08-28 16:43:04.906  INFO 5202 --- [    Test worker] o.apache.catalina.core.StandardService   : Starting service [Tomcat]
2025-08-28 16:43:04.906  INFO 5202 --- [    Test worker] org.apache.catalina.core.StandardEngine  : Starting Servlet engine: [Apache Tomcat/9.0.27]
2025-08-28 16:43:04.960  INFO 5202 --- [    Test worker] o.a.c.c.C.[Tomcat].[localhost].[/]       : Initializing Spring embedded WebApplicationContext
2025-08-28 16:43:04.960  INFO 5202 --- [    Test worker] o.s.web.context.ContextLoader            : Root WebApplicationContext: initialization completed in 337 ms
2025-08-28 16:43:05.048  INFO 5202 --- [    Test worker] de.bwaldvogel.mongo.MongoServer          : started MongoServer(port: 43823, ssl: false)
2025-08-28 16:43:05.050  INFO 5202 --- [    Test worker] org.mongodb.driver.cluster               : Cluster created with settings {hosts=[127.0.0.1:43823], mode=SINGLE, requiredClusterType=UNKNOWN, serverSelectionTimeout='30000 ms', maxWaitQueueSize=500}
2025-08-28 16:43:05.055  INFO 5202 --- [-server-worker1] d.b.mongo.wire.MongoWireProtocolHandler  : client [id: 0xcdc87424, L:/127.0.0.1:43823 - R:/127.0.0.1:36514] connected
2025-08-28 16:43:05.056  WARN 5202 --- [    Test worker] o.s.data.convert.CustomConversions       : Registering converter from class java.time.LocalDateTime to class java.time.Instant as reading converter although it doesn't convert from a store-supported type! You might wanna check you annotation setup at the converter implementation.
2025-08-28 16:43:05.057  WARN 5202 --- [    Test worker] o.s.data.convert.CustomConversions       : Registering converter from class java.time.Instant to class java.time.LocalDateTime as reading converter although it doesn't convert from a store-supported type! You might wanna check you annotation setup at the converter implementation.
2025-08-28 16:43:05.058  WARN 5202 --- [    Test worker] o.s.data.convert.CustomConversions       : Registering converter from class java.time.LocalDateTime to class java.time.Instant as reading converter although it doesn't convert from a store-supported type! You might wanna check you annotation setup at the converter implementation.
2025-08-28 16:43:05.058  WARN 5202 --- [    Test worker] o.s.data.convert.CustomConversions       : Registering converter from class java.time.Instant to class java.time.LocalDateTime as reading converter although it doesn't convert from a store-supported type! You might wanna check you annotation setup at the converter implementation.
2025-08-28 16:43:05.063  INFO 5202 --- [127.0.0.1:43823] org.mongodb.driver.connection            : Opened connection [connectionId{localValue:3}] to 127.0.0.1:43823
2025-08-28 16:43:05.068  INFO 5202 --- [127.0.0.1:43823] org.mongodb.driver.cluster               : Monitor thread successfully connected to server with description ServerDescription{address=127.0.0.1:43823, type=STANDALONE, state=CONNECTED, ok=true, version=ServerVersion{versionList=[3, 0, 0]}, minWireVersion=0, maxWireVersion=2, maxDocumentSize=16777216, logicalSessionTimeoutMinutes=null, roundTripTimeNanos=3760623}
2025-08-28 16:43:05.108  INFO 5202 --- [-server-worker2] d.b.mongo.wire.MongoWireProtocolHandler  : client [id: 0xee66e6a4, L:/127.0.0.1:43823 - R:/127.0.0.1:36528] connected
2025-08-28 16:43:05.116  INFO 5202 --- [    Test worker] org.mongodb.driver.connection            : Opened connection [connectionId{localValue:4}] to 127.0.0.1:43823
2025-08-28 16:43:05.117  INFO 5202 --- [-server-worker2] d.b.mongo.backend.AbstractMongoBackend   : created database test
2025-08-28 16:43:05.117  INFO 5202 --- [-server-worker2] d.b.mongo.backend.AbstractMongoDatabase  : adding unique _id index for collection employee
2025-08-28 16:43:05.117  INFO 5202 --- [-server-worker2] d.b.mongo.backend.AbstractMongoDatabase  : created collection test.employee
2025-08-28 16:43:05.228  INFO 5202 --- [    Test worker] o.s.s.concurrent.ThreadPoolTaskExecutor  : Initializing ExecutorService 'applicationTaskExecutor'
2025-08-28 16:43:05.310  WARN 5202 --- [    Test worker] o.s.data.convert.CustomConversions       : Registering converter from class java.time.LocalDateTime to class java.time.Instant as reading converter although it doesn't convert from a store-supported type! You might wanna check you annotation setup at the converter implementation.
2025-08-28 16:43:05.311  WARN 5202 --- [    Test worker] o.s.data.convert.CustomConversions       : Registering converter from class java.time.Instant to class java.time.LocalDateTime as reading converter although it doesn't convert from a store-supported type! You might wanna check you annotation setup at the converter implementation.
2025-08-28 16:43:05.322  WARN 5202 --- [    Test worker] o.s.data.convert.CustomConversions       : Registering converter from class java.time.LocalDateTime to class java.time.Instant as reading converter although it doesn't convert from a store-supported type! You might wanna check you annotation setup at the converter implementation.
2025-08-28 16:43:05.322  WARN 5202 --- [    Test worker] o.s.data.convert.CustomConversions       : Registering converter from class java.time.Instant to class java.time.LocalDateTime as reading converter although it doesn't convert from a store-supported type! You might wanna check you annotation setup at the converter implementation.
2025-08-28 16:43:05.382  INFO 5202 --- [    Test worker] o.s.b.w.embedded.tomcat.TomcatWebServer  : Tomcat started on port(s): 34027 (http) with context path ''
2025-08-28 16:43:05.383  INFO 5202 --- [    Test worker] c.m.c.s.impl.EmployeeServiceImplTest     : Started EmployeeServiceImplTest in 0.784 seconds (JVM running for 3.811)
2025-08-28 16:43:05.462  INFO 5202 --- [o-auto-1-exec-1] o.a.c.c.C.[Tomcat].[localhost].[/]       : Initializing Spring DispatcherServlet 'dispatcherServlet'
2025-08-28 16:43:05.462  INFO 5202 --- [o-auto-1-exec-1] o.s.web.servlet.DispatcherServlet        : Initializing Servlet 'dispatcherServlet'
2025-08-28 16:43:05.471  INFO 5202 --- [o-auto-1-exec-1] o.s.web.servlet.DispatcherServlet        : Completed initialization in 9 ms
2025-08-28 16:43:05.494 DEBUG 5202 --- [o-auto-1-exec-1] c.m.c.controller.EmployeeController      : Received employee create request for [com.mindex.challenge.data.Employee@2c7156bc]
2025-08-28 16:43:05.494 DEBUG 5202 --- [o-auto-1-exec-1] c.m.c.service.impl.EmployeeServiceImpl   : Creating employee [com.mindex.challenge.data.Employee@2c7156bc]
2025-08-28 16:43:05.514 DEBUG 5202 --- [o-auto-1-exec-2] c.m.c.controller.EmployeeController      : Received employee create request for id [fed2ebb0-8b5b-4cf4-bcf9-a40bd3a5b659]
2025-08-28 16:43:05.514 DEBUG 5202 --- [o-auto-1-exec-2] c.m.c.service.impl.EmployeeServiceImpl   : Creating employee with id [fed2ebb0-8b5b-4cf4-bcf9-a40bd3a5b659]
2025-08-28 16:43:05.522 DEBUG 5202 --- [o-auto-1-exec-3] c.m.c.controller.EmployeeController      : Received employee create request for id [fed2ebb0-8b5b-4cf4-bcf9-a40bd3a5b659] and employee [com.mindex.challenge.data.Employee@45021e9d]
2025-08-28 16:43:05.522 DEBUG 5202 --- [o-auto-1-exec-3] c.m.c.service.impl.EmployeeServiceImpl   : Updating employee [com.mindex.challenge.data.Employee@45021e9d]
]]></system-out>
  <system-err><![CDATA[]]></system-err>
</testsuite>
