<?xml version="1.0" encoding="UTF-8"?>
<testsuite name="com.mindex.challenge.ChallengeApplicationTests" tests="1" skipped="0" failures="0" errors="0" timestamp="2025-08-28T16:43:05" hostname="pkrvmccyg1gnepe" time="0.004">
  <properties/>
  <testcase name="contextLoads" classname="com.mindex.challenge.ChallengeApplicationTests" time="0.004"/>
  <system-out><![CDATA[2025-08-28 16:43:05.529  INFO 5202 --- [    Test worker] .b.t.c.SpringBootTestContextBootstrapper : Neither @ContextConfiguration nor @ContextHierarchy found for test class [com.mindex.challenge.ChallengeApplicationTests], using SpringBootContextLoader
2025-08-28 16:43:05.530  INFO 5202 --- [    Test worker] o.s.t.c.support.AbstractContextLoader    : Could not detect default resource locations for test class [com.mindex.challenge.ChallengeApplicationTests]: no resource found for suffixes {-context.xml, Context.groovy}.
2025-08-28 16:43:05.530  INFO 5202 --- [    Test worker] t.c.s.AnnotationConfigContextLoaderUtils : Could not detect default configuration classes for test class [com.mindex.challenge.ChallengeApplicationTests]: ChallengeApplicationTests does not declare any static, non-private, non-final, nested classes annotated with @Configuration.
2025-08-28 16:43:05.533  INFO 5202 --- [    Test worker] .b.t.c.SpringBootTestContextBootstrapper : Found @SpringBootConfiguration com.mindex.challenge.ChallengeApplication for test class com.mindex.challenge.ChallengeApplicationTests
2025-08-28 16:43:05.535  INFO 5202 --- [    Test worker] .b.t.c.SpringBootTestContextBootstrapper : Loaded default TestExecutionListener class names from location [META-INF/spring.factories]: [org.springframework.boot.test.autoconfigure.restdocs.RestDocsTestExecutionListener, org.springframework.boot.test.autoconfigure.web.client.MockRestServiceServerResetTestExecutionListener, org.springframework.boot.test.autoconfigure.web.servlet.MockMvcPrintOnlyOnFailureTestExecutionListener, org.springframework.boot.test.autoconfigure.web.servlet.WebDriverTestExecutionListener, org.springframework.boot.test.mock.mockito.MockitoTestExecutionListener, org.springframework.boot.test.mock.mockito.ResetMocksTestExecutionListener, org.springframework.test.context.web.ServletTestExecutionListener, org.springframework.test.context.support.DirtiesContextBeforeModesTestExecutionListener, org.springframework.test.context.support.DependencyInjectionTestExecutionListener, org.springframework.test.context.support.DirtiesContextTestExecutionListener, org.springframework.test.context.transaction.TransactionalTestExecutionListener, org.springframework.test.context.jdbc.SqlScriptsTestExecutionListener, org.springframework.test.context.event.EventPublishingTestExecutionListener]
2025-08-28 16:43:05.535  INFO 5202 --- [    Test worker] .b.t.c.SpringBootTestContextBootstrapper : Using TestExecutionListeners: [org.springframework.test.context.web.ServletTestExecutionListener@40da0745, org.springframework.test.context.support.DirtiesContextBeforeModesTestExecutionListener@33af2b25, org.springframework.boot.test.mock.mockito.MockitoTestExecutionListener@fec3a5d, org.springframework.boot.test.autoconfigure.SpringBootDependencyInjectionTestExecutionListener@3cb089c5, org.springframework.test.context.support.DirtiesContextTestExecutionListener@2c405139, org.springframework.test.context.transaction.TransactionalTestExecutionListener@667cb197, org.springframework.test.context.jdbc.SqlScriptsTestExecutionListener@8ac51d7, org.springframework.test.context.event.EventPublishingTestExecutionListener@306a1fa6, org.springframework.boot.test.autoconfigure.restdocs.RestDocsTestExecutionListener@1e0d590b, org.springframework.boot.test.autoconfigure.web.client.MockRestServiceServerResetTestExecutionListener@1d7ea354, org.springframework.boot.test.autoconfigure.web.servlet.MockMvcPrintOnlyOnFailureTestExecutionListener@77b67bc5, org.springframework.boot.test.autoconfigure.web.servlet.WebDriverTestExecutionListener@17c1cdba, org.springframework.boot.test.mock.mockito.ResetMocksTestExecutionListener@63701b48]
]]></system-out>
  <system-err><![CDATA[]]></system-err>
</testsuite>
